2019-12-04 23:08:30,998 [信息] 
2019-12-04 23:08:31,001 [信息] 
2019-12-04 23:08:31,004 [信息] 
2019-12-04 23:08:31,006 [信息] 
2019-12-04 23:08:31,008 [信息] ===============================================================
2019-12-04 23:08:31,009 [信息] =  [E2EE免费版] 2.2.3 
2019-12-04 23:08:31,010 [信息] =    绑定IP: *
2019-12-04 23:08:31,012 [信息] =    绑定端口: 80
2019-12-04 23:08:31,014 [信息] ===============================================================
2019-12-04 23:08:31,015 [信息] [服务器] 初始化
2019-12-04 23:08:31,017 [信息] [Session系统] 正在初始化Session系统
2019-12-04 23:08:31,019 [信息] [Session系统] 初始化内存文件存储系统：[内存最大尺寸] 64 MB
2019-12-04 23:08:31,021 [信息] [Session系统] Session系统初始化完成
2019-12-04 23:08:31,023 [信息] [网站防火墙] 未开启防火墙
2019-12-04 23:08:31,025 [信息] [验证器] 无默认验证器配置文件
2019-12-04 23:08:31,026 [信息] [模板] 初始化模板引擎
2019-12-04 23:08:31,028 [信息] [模板] 扫描加载模板目录
2019-12-04 23:08:31,031 [信息] [模板] 加载状态模板
2019-12-04 23:08:31,033 [信息] [模板] [状态模板] 加载状态模板[201][无模板]: [模板目录]/201.esp
2019-12-04 23:08:31,036 [信息] [模板] [状态模板] 加载状态模板[202][无模板]: [模板目录]/202.esp
2019-12-04 23:08:31,039 [信息] [模板] [状态模板] 加载状态模板[204][无模板]: [模板目录]/204.esp
2019-12-04 23:08:31,042 [信息] [模板] [状态模板] 加载状态模板[206][无模板]: [模板目录]/206.esp
2019-12-04 23:08:31,044 [信息] [模板] [状态模板] 加载状态模板[300][无模板]: [模板目录]/300.esp
2019-12-04 23:08:31,047 [信息] [模板] [状态模板] 加载状态模板[301][无模板]: [模板目录]/301.esp
2019-12-04 23:08:31,049 [信息] [模板] [状态模板] 加载状态模板[302][无模板]: [模板目录]/302.esp
2019-12-04 23:08:31,052 [信息] [模板] [状态模板] 加载状态模板[304][无模板]: [模板目录]/304.esp
2019-12-04 23:08:31,055 [信息] [模板] [状态模板] 加载状态模板[400][内置]: [模板目录]/400.esp
2019-12-04 23:08:31,057 [信息] [模板] [状态模板] 加载状态模板[401][内置]: [模板目录]/401.esp
2019-12-04 23:08:31,060 [信息] [模板] [状态模板] 加载状态模板[403][内置]: [模板目录]/403.esp
2019-12-04 23:08:31,064 [信息] [模板] [状态模板] 加载状态模板[404][内置]: [模板目录]/404.html
2019-12-04 23:08:31,066 [信息] [模板] [状态模板] 加载状态模板[416][无模板]: [模板目录]/416.esp
2019-12-04 23:08:31,069 [信息] [模板] [状态模板] 加载状态模板[500][内置]: [模板目录]/500.esp
2019-12-04 23:08:31,071 [信息] [模板] [状态模板] 加载状态模板[501][无模板]: [模板目录]/501.esp
2019-12-04 23:08:31,073 [信息] [模板] [状态模板] 加载状态模板[502][内置]: [模板目录]/502.esp
2019-12-04 23:08:31,075 [信息] [模板] [状态模板] 加载状态模板[503][无模板]: [模板目录]/503.esp
2019-12-04 23:08:31,077 [信息] [模板] [状态模板] 加载状态模板[504][内置]: [模板目录]/504.esp
2019-12-04 23:08:31,079 [信息] [模板] 模板引擎初始化完毕
2019-12-04 23:08:31,081 [信息] [动态模块] 开始加载动态模块
2019-12-04 23:08:31,082 [信息] [动态模块] 完成加载(无配置文件 - [模块]/模块映射.json)
2019-12-04 23:08:31,084 [信息] [模块] 开始加载下级模块
2019-12-04 23:08:31,086 [信息] [模块] 完成下级模块加载
2019-12-04 23:08:31,088 [信息] [远程服务] 开始初始化
2019-12-04 23:08:31,091 [信息] [远程服务] 初始化完成
2019-12-04 23:08:31,093 [信息] [WebService] 未启用
2019-12-04 23:08:31,094 [信息] [模板函数] 同步模板函数
2019-12-04 23:08:31,096 [信息] [模板函数] 函数同步完成
2019-12-04 23:08:31,097 [信息] [模块] 开始加载视图
2019-12-04 23:08:31,099 [信息] [视图] /upload
2019-12-04 23:08:31,101 [信息] [模块] 完成视图加载
2019-12-04 23:08:31,103 [信息] [缓存] 加载动态模板页缓存
2019-12-04 23:08:31,106 [信息] [缓存] 无动态模板页缓存设置
2019-12-04 23:08:31,109 [信息] [缓存][动态缓存] 缓存文件不存在
2019-12-04 23:08:31,112 [信息] [缓存] 加载服务器静态缓存设置 [时间] 3秒 [尺寸]131072
2019-12-04 23:08:31,114 [信息] [缓存] 静态缓存初始化成功
2019-12-04 23:08:31,116 [信息] [缓存] 加载服务器缓存动态设置
2019-12-04 23:08:31,118 [信息] [模块] 执行模块初始化函数
2019-12-04 23:08:31,120 [信息] [服务器] 正在初始化请求资源
2019-12-04 23:08:31,122 [信息] [服务器] 正在绑定地址端口
2019-12-04 23:08:31,127 [信息] [服务器] 开始监听端口内容
2019-12-04 23:08:31,128 [信息] [服务器] 开始接收用户连接
2019-12-04 23:08:31,131 [信息] [服务器] 服务器启动成功(企业版可通过【E2EE控制中心】配置线程数)
2019-12-04 23:08:31,133 [信息]     [连接数] 20
2019-12-04 23:08:31,135 [信息]     [线程数] 2
2019-12-04 23:08:31,137 [信息]     [模板数] 调试模式不限制模板数
2019-12-04 23:08:37,181 [信息] [模板] 重载模板：C:/Users/34761/Documents/HBuilderProjects/recorder/404.html
2019-12-04 23:11:46,638 [信息] 
2019-12-04 23:11:46,641 [信息] 
2019-12-04 23:11:46,642 [信息] 
2019-12-04 23:11:46,644 [信息] 
2019-12-04 23:11:46,646 [信息] ===============================================================
2019-12-04 23:11:46,648 [信息] =  [E2EE免费版] 2.2.3 
2019-12-04 23:11:46,650 [信息] =    绑定IP: *
2019-12-04 23:11:46,652 [信息] =    绑定端口: 80
2019-12-04 23:11:46,654 [信息] ===============================================================
2019-12-04 23:11:46,656 [信息] [服务器] 初始化
2019-12-04 23:11:46,657 [信息] [Session系统] 正在初始化Session系统
2019-12-04 23:11:46,659 [信息] [Session系统] 初始化内存文件存储系统：[内存最大尺寸] 64 MB
2019-12-04 23:11:46,660 [信息] [Session系统] Session系统初始化完成
2019-12-04 23:11:46,662 [信息] [网站防火墙] 未开启防火墙
2019-12-04 23:11:46,665 [信息] [验证器] 无默认验证器配置文件
2019-12-04 23:11:46,667 [信息] [模板] 初始化模板引擎
2019-12-04 23:11:46,669 [信息] [模板] 扫描加载模板目录
2019-12-04 23:11:46,672 [信息] [模板] 加载状态模板
2019-12-04 23:11:46,674 [信息] [模板] [状态模板] 加载状态模板[201][无模板]: [模板目录]/201.esp
2019-12-04 23:11:46,677 [信息] [模板] [状态模板] 加载状态模板[202][无模板]: [模板目录]/202.esp
2019-12-04 23:11:46,680 [信息] [模板] [状态模板] 加载状态模板[204][无模板]: [模板目录]/204.esp
2019-12-04 23:11:46,684 [信息] [模板] [状态模板] 加载状态模板[206][无模板]: [模板目录]/206.esp
2019-12-04 23:11:46,687 [信息] [模板] [状态模板] 加载状态模板[300][无模板]: [模板目录]/300.esp
2019-12-04 23:11:46,689 [信息] [模板] [状态模板] 加载状态模板[301][无模板]: [模板目录]/301.esp
2019-12-04 23:11:46,692 [信息] [模板] [状态模板] 加载状态模板[302][无模板]: [模板目录]/302.esp
2019-12-04 23:11:46,694 [信息] [模板] [状态模板] 加载状态模板[304][无模板]: [模板目录]/304.esp
2019-12-04 23:11:46,696 [信息] [模板] [状态模板] 加载状态模板[400][内置]: [模板目录]/400.esp
2019-12-04 23:11:46,700 [信息] [模板] [状态模板] 加载状态模板[401][内置]: [模板目录]/401.esp
2019-12-04 23:11:46,703 [信息] [模板] [状态模板] 加载状态模板[403][内置]: [模板目录]/403.esp
2019-12-04 23:11:46,706 [信息] [模板] [状态模板] 加载状态模板[404][内置]: [模板目录]/404.html
2019-12-04 23:11:46,708 [信息] [模板] [状态模板] 加载状态模板[416][无模板]: [模板目录]/416.esp
2019-12-04 23:11:46,710 [信息] [模板] [状态模板] 加载状态模板[500][内置]: [模板目录]/500.esp
2019-12-04 23:11:46,721 [信息] [模板] [状态模板] 加载状态模板[501][无模板]: [模板目录]/501.esp
2019-12-04 23:11:46,723 [信息] [模板] [状态模板] 加载状态模板[502][内置]: [模板目录]/502.esp
2019-12-04 23:11:46,725 [信息] [模板] [状态模板] 加载状态模板[503][无模板]: [模板目录]/503.esp
2019-12-04 23:11:46,728 [信息] [模板] [状态模板] 加载状态模板[504][内置]: [模板目录]/504.esp
2019-12-04 23:11:46,730 [信息] [模板] 模板引擎初始化完毕
2019-12-04 23:11:46,738 [信息] [动态模块] 开始加载动态模块
2019-12-04 23:11:46,740 [信息] [动态模块] 完成加载(无配置文件 - [模块]/模块映射.json)
2019-12-04 23:11:46,741 [信息] [模块] 开始加载下级模块
2019-12-04 23:11:46,744 [信息] [模块] 完成下级模块加载
2019-12-04 23:11:46,746 [信息] [远程服务] 开始初始化
2019-12-04 23:11:46,753 [信息] [远程服务] 初始化完成
2019-12-04 23:11:46,755 [信息] [WebService] 未启用
2019-12-04 23:11:46,756 [信息] [模板函数] 同步模板函数
2019-12-04 23:11:46,757 [信息] [模板函数] 函数同步完成
2019-12-04 23:11:46,759 [信息] [模块] 开始加载视图
2019-12-04 23:11:46,760 [信息] [视图] /upload
2019-12-04 23:11:46,762 [信息] [模块] 完成视图加载
2019-12-04 23:11:46,765 [信息] [缓存] 加载动态模板页缓存
2019-12-04 23:11:46,767 [信息] [缓存] 无动态模板页缓存设置
2019-12-04 23:11:46,771 [信息] [缓存][动态缓存] 读取缓存配置成功
2019-12-04 23:11:46,773 [信息] [缓存] 加载服务器静态缓存设置 [时间] 3秒 [尺寸]131072
2019-12-04 23:11:46,775 [信息] [缓存] 静态缓存初始化成功
2019-12-04 23:11:46,776 [信息] [缓存] 加载服务器缓存动态设置
2019-12-04 23:11:46,778 [信息] [模块] 执行模块初始化函数
2019-12-04 23:11:46,779 [信息] [服务器] 正在初始化请求资源
2019-12-04 23:11:46,787 [信息] [服务器] 正在绑定地址端口
2019-12-04 23:11:46,791 [信息] [服务器] 开始监听端口内容
2019-12-04 23:11:46,793 [信息] [服务器] 开始接收用户连接
2019-12-04 23:11:46,796 [信息] [服务器] 服务器启动成功(企业版可通过【E2EE控制中心】配置线程数)
2019-12-04 23:11:46,798 [信息]     [连接数] 20
2019-12-04 23:11:46,804 [信息]     [线程数] 2
2019-12-04 23:11:46,806 [信息]     [模板数] 调试模式不限制模板数
2019-12-04 23:13:53,876 [信息] 
2019-12-04 23:13:53,879 [信息] 
2019-12-04 23:13:53,882 [信息] 
2019-12-04 23:13:53,883 [信息] 
2019-12-04 23:13:53,885 [信息] ===============================================================
2019-12-04 23:13:53,887 [信息] =  [E2EE免费版] 2.2.3 
2019-12-04 23:13:53,889 [信息] =    绑定IP: *
2019-12-04 23:13:53,890 [信息] =    绑定端口: 80
2019-12-04 23:13:53,893 [信息] ===============================================================
2019-12-04 23:13:53,894 [信息] [服务器] 初始化
2019-12-04 23:13:53,897 [信息] [Session系统] 正在初始化Session系统
2019-12-04 23:13:53,899 [信息] [Session系统] 初始化内存文件存储系统：[内存最大尺寸] 64 MB
2019-12-04 23:13:53,901 [信息] [Session系统] Session系统初始化完成
2019-12-04 23:13:53,903 [信息] [网站防火墙] 未开启防火墙
2019-12-04 23:13:53,905 [信息] [验证器] 无默认验证器配置文件
2019-12-04 23:13:53,908 [信息] [模板] 初始化模板引擎
2019-12-04 23:13:53,910 [信息] [模板] 扫描加载模板目录
2019-12-04 23:13:53,915 [信息] [模板] 加载状态模板
2019-12-04 23:13:53,916 [信息] [模板] [状态模板] 加载状态模板[201][无模板]: [模板目录]/201.esp
2019-12-04 23:13:53,919 [信息] [模板] [状态模板] 加载状态模板[202][无模板]: [模板目录]/202.esp
2019-12-04 23:13:53,922 [信息] [模板] [状态模板] 加载状态模板[204][无模板]: [模板目录]/204.esp
2019-12-04 23:13:53,925 [信息] [模板] [状态模板] 加载状态模板[206][无模板]: [模板目录]/206.esp
2019-12-04 23:13:53,928 [信息] [模板] [状态模板] 加载状态模板[300][无模板]: [模板目录]/300.esp
2019-12-04 23:13:53,933 [信息] [模板] [状态模板] 加载状态模板[301][无模板]: [模板目录]/301.esp
2019-12-04 23:13:53,935 [信息] [模板] [状态模板] 加载状态模板[302][无模板]: [模板目录]/302.esp
2019-12-04 23:13:53,938 [信息] [模板] [状态模板] 加载状态模板[304][无模板]: [模板目录]/304.esp
2019-12-04 23:13:53,941 [信息] [模板] [状态模板] 加载状态模板[400][内置]: [模板目录]/400.esp
2019-12-04 23:13:53,948 [信息] [模板] [状态模板] 加载状态模板[401][内置]: [模板目录]/401.esp
2019-12-04 23:13:53,951 [信息] [模板] [状态模板] 加载状态模板[403][内置]: [模板目录]/403.esp
2019-12-04 23:13:53,953 [信息] [模板] [状态模板] 加载状态模板[404][内置]: [模板目录]/404.html
2019-12-04 23:13:53,955 [信息] [模板] [状态模板] 加载状态模板[416][无模板]: [模板目录]/416.esp
2019-12-04 23:13:53,957 [信息] [模板] [状态模板] 加载状态模板[500][内置]: [模板目录]/500.esp
2019-12-04 23:13:53,965 [信息] [模板] [状态模板] 加载状态模板[501][无模板]: [模板目录]/501.esp
2019-12-04 23:13:53,968 [信息] [模板] [状态模板] 加载状态模板[502][内置]: [模板目录]/502.esp
2019-12-04 23:13:53,970 [信息] [模板] [状态模板] 加载状态模板[503][无模板]: [模板目录]/503.esp
2019-12-04 23:13:53,972 [信息] [模板] [状态模板] 加载状态模板[504][内置]: [模板目录]/504.esp
2019-12-04 23:13:53,975 [信息] [模板] 模板引擎初始化完毕
2019-12-04 23:13:53,982 [信息] [动态模块] 开始加载动态模块
2019-12-04 23:13:53,984 [信息] [动态模块] 完成加载(无配置文件 - [模块]/模块映射.json)
2019-12-04 23:13:53,985 [信息] [模块] 开始加载下级模块
2019-12-04 23:13:53,987 [信息] [模块] 完成下级模块加载
2019-12-04 23:13:53,987 [信息] [远程服务] 开始初始化
2019-12-04 23:13:53,989 [信息] [远程服务] 初始化完成
2019-12-04 23:13:53,991 [信息] [WebService] 未启用
2019-12-04 23:13:53,993 [信息] [模板函数] 同步模板函数
2019-12-04 23:13:53,996 [信息] [模板函数] 函数同步完成
2019-12-04 23:13:53,999 [信息] [模块] 开始加载视图
2019-12-04 23:13:54,001 [信息] [视图] /upload
2019-12-04 23:13:54,002 [信息] [模块] 完成视图加载
2019-12-04 23:13:54,004 [信息] [缓存] 加载动态模板页缓存
2019-12-04 23:13:54,006 [信息] [缓存] 无动态模板页缓存设置
2019-12-04 23:13:54,012 [信息] [缓存][动态缓存] 读取缓存配置成功
2019-12-04 23:13:54,015 [信息] [缓存] 加载服务器静态缓存设置 [时间] 3秒 [尺寸]131072
2019-12-04 23:13:54,018 [信息] [缓存] 静态缓存初始化成功
2019-12-04 23:13:54,019 [信息] [缓存] 加载服务器缓存动态设置
2019-12-04 23:13:54,021 [信息] [模块] 执行模块初始化函数
2019-12-04 23:13:54,023 [信息] [服务器] 正在初始化请求资源
2019-12-04 23:13:54,033 [信息] [服务器] 正在绑定地址端口
2019-12-04 23:13:54,038 [信息] [服务器] 开始监听端口内容
2019-12-04 23:13:54,040 [信息] [服务器] 开始接收用户连接
2019-12-04 23:13:54,043 [信息] [服务器] 服务器启动成功(企业版可通过【E2EE控制中心】配置线程数)
2019-12-04 23:13:54,046 [信息]     [连接数] 20
2019-12-04 23:13:54,047 [信息]     [线程数] 2
2019-12-04 23:13:54,049 [信息]     [模板数] 调试模式不限制模板数
2019-12-04 23:16:29,778 [信息] 
2019-12-04 23:16:29,782 [信息] 
2019-12-04 23:16:29,785 [信息] 
2019-12-04 23:16:29,787 [信息] 
2019-12-04 23:16:29,788 [信息] ===============================================================
2019-12-04 23:16:29,790 [信息] =  [E2EE免费版] 2.2.3 
2019-12-04 23:16:29,792 [信息] =    绑定IP: *
2019-12-04 23:16:29,794 [信息] =    绑定端口: 80
2019-12-04 23:16:29,798 [信息] ===============================================================
2019-12-04 23:16:29,803 [信息] [服务器] 初始化
2019-12-04 23:16:29,805 [信息] [Session系统] 正在初始化Session系统
2019-12-04 23:16:29,807 [信息] [Session系统] 初始化内存文件存储系统：[内存最大尺寸] 64 MB
2019-12-04 23:16:29,809 [信息] [Session系统] Session系统初始化完成
2019-12-04 23:16:29,810 [信息] [网站防火墙] 未开启防火墙
2019-12-04 23:16:29,812 [信息] [验证器] 无默认验证器配置文件
2019-12-04 23:16:29,815 [信息] [模板] 初始化模板引擎
2019-12-04 23:16:29,817 [信息] [模板] 扫描加载模板目录
2019-12-04 23:16:29,821 [信息] [模板] 加载状态模板
2019-12-04 23:16:29,824 [信息] [模板] [状态模板] 加载状态模板[201][无模板]: [模板目录]/201.esp
2019-12-04 23:16:29,827 [信息] [模板] [状态模板] 加载状态模板[202][无模板]: [模板目录]/202.esp
2019-12-04 23:16:29,830 [信息] [模板] [状态模板] 加载状态模板[204][无模板]: [模板目录]/204.esp
2019-12-04 23:16:29,834 [信息] [模板] [状态模板] 加载状态模板[206][无模板]: [模板目录]/206.esp
2019-12-04 23:16:29,837 [信息] [模板] [状态模板] 加载状态模板[300][无模板]: [模板目录]/300.esp
2019-12-04 23:16:29,839 [信息] [模板] [状态模板] 加载状态模板[301][无模板]: [模板目录]/301.esp
2019-12-04 23:16:29,842 [信息] [模板] [状态模板] 加载状态模板[302][无模板]: [模板目录]/302.esp
2019-12-04 23:16:29,844 [信息] [模板] [状态模板] 加载状态模板[304][无模板]: [模板目录]/304.esp
2019-12-04 23:16:29,847 [信息] [模板] [状态模板] 加载状态模板[400][内置]: [模板目录]/400.esp
2019-12-04 23:16:29,850 [信息] [模板] [状态模板] 加载状态模板[401][内置]: [模板目录]/401.esp
2019-12-04 23:16:29,853 [信息] [模板] [状态模板] 加载状态模板[403][内置]: [模板目录]/403.esp
2019-12-04 23:16:29,856 [信息] [模板] [状态模板] 加载状态模板[404][内置]: [模板目录]/404.html
2019-12-04 23:16:29,859 [信息] [模板] [状态模板] 加载状态模板[416][无模板]: [模板目录]/416.esp
2019-12-04 23:16:29,861 [信息] [模板] [状态模板] 加载状态模板[500][内置]: [模板目录]/500.esp
2019-12-04 23:16:29,870 [信息] [模板] [状态模板] 加载状态模板[501][无模板]: [模板目录]/501.esp
2019-12-04 23:16:29,873 [信息] [模板] [状态模板] 加载状态模板[502][内置]: [模板目录]/502.esp
2019-12-04 23:16:29,875 [信息] [模板] [状态模板] 加载状态模板[503][无模板]: [模板目录]/503.esp
2019-12-04 23:16:29,877 [信息] [模板] [状态模板] 加载状态模板[504][内置]: [模板目录]/504.esp
2019-12-04 23:16:29,880 [信息] [模板] 模板引擎初始化完毕
2019-12-04 23:16:29,887 [信息] [动态模块] 开始加载动态模块
2019-12-04 23:16:29,889 [信息] [动态模块] 完成加载(无配置文件 - [模块]/模块映射.json)
2019-12-04 23:16:29,891 [信息] [模块] 开始加载下级模块
2019-12-04 23:16:29,892 [信息] [模块] 完成下级模块加载
2019-12-04 23:16:29,894 [信息] [远程服务] 开始初始化
2019-12-04 23:16:29,904 [信息] [远程服务] 初始化完成
2019-12-04 23:16:29,906 [信息] [WebService] 未启用
2019-12-04 23:16:29,907 [信息] [模板函数] 同步模板函数
2019-12-04 23:16:29,909 [信息] [模板函数] 函数同步完成
2019-12-04 23:16:29,910 [信息] [模块] 开始加载视图
2019-12-04 23:16:29,912 [信息] [视图] /upload
2019-12-04 23:16:29,914 [信息] [模块] 完成视图加载
2019-12-04 23:16:29,916 [信息] [缓存] 加载动态模板页缓存
2019-12-04 23:16:29,919 [信息] [缓存] 无动态模板页缓存设置
2019-12-04 23:16:29,924 [信息] [缓存][动态缓存] 读取缓存配置成功
2019-12-04 23:16:29,926 [信息] [缓存] 加载服务器静态缓存设置 [时间] 3秒 [尺寸]131072
2019-12-04 23:16:29,927 [信息] [缓存] 静态缓存初始化成功
2019-12-04 23:16:29,929 [信息] [缓存] 加载服务器缓存动态设置
2019-12-04 23:16:29,932 [信息] [模块] 执行模块初始化函数
2019-12-04 23:16:29,934 [信息] [服务器] 正在初始化请求资源
2019-12-04 23:16:29,936 [信息] [服务器] 正在绑定地址端口
2019-12-04 23:16:29,940 [信息] [服务器] 开始监听端口内容
2019-12-04 23:16:29,943 [信息] [服务器] 开始接收用户连接
2019-12-04 23:16:29,945 [信息] [服务器] 服务器启动成功(企业版可通过【E2EE控制中心】配置线程数)
2019-12-04 23:16:29,947 [信息]     [连接数] 20
2019-12-04 23:16:29,954 [信息]     [线程数] 2
2019-12-04 23:16:29,956 [信息]     [模板数] 调试模式不限制模板数
2019-12-04 23:35:28,212 [信息] [模板] 重载模板：C:/Users/34761/Documents/HBuilderProjects/recorder/404.html
2019-12-04 23:50:55,328 [信息] 
2019-12-04 23:50:55,330 [信息] 
2019-12-04 23:50:55,332 [信息] 
2019-12-04 23:50:55,334 [信息] 
2019-12-04 23:50:55,336 [信息] ===============================================================
2019-12-04 23:50:55,337 [信息] =  [E2EE免费版] 2.2.3 
2019-12-04 23:50:55,340 [信息] =    绑定IP: *
2019-12-04 23:50:55,341 [信息] =    绑定端口: 80
2019-12-04 23:50:55,349 [信息] ===============================================================
2019-12-04 23:50:55,351 [信息] [服务器] 初始化
2019-12-04 23:50:55,353 [信息] [Session系统] 正在初始化Session系统
2019-12-04 23:50:55,355 [信息] [Session系统] 初始化内存文件存储系统：[内存最大尺寸] 64 MB
2019-12-04 23:50:55,357 [信息] [Session系统] Session系统初始化完成
2019-12-04 23:50:55,365 [信息] [网站防火墙] 未开启防火墙
2019-12-04 23:50:55,367 [信息] [验证器] 无默认验证器配置文件
2019-12-04 23:50:55,369 [信息] [模板] 初始化模板引擎
2019-12-04 23:50:55,371 [信息] [模板] 扫描加载模板目录
2019-12-04 23:50:55,376 [信息] [模板] 加载状态模板
2019-12-04 23:50:55,379 [信息] [模板] [状态模板] 加载状态模板[201][无模板]: [模板目录]/201.esp
2019-12-04 23:50:55,383 [信息] [模板] [状态模板] 加载状态模板[202][无模板]: [模板目录]/202.esp
2019-12-04 23:50:55,386 [信息] [模板] [状态模板] 加载状态模板[204][无模板]: [模板目录]/204.esp
2019-12-04 23:50:55,388 [信息] [模板] [状态模板] 加载状态模板[206][无模板]: [模板目录]/206.esp
2019-12-04 23:50:55,391 [信息] [模板] [状态模板] 加载状态模板[300][无模板]: [模板目录]/300.esp
2019-12-04 23:50:55,399 [信息] [模板] [状态模板] 加载状态模板[301][无模板]: [模板目录]/301.esp
2019-12-04 23:50:55,401 [信息] [模板] [状态模板] 加载状态模板[302][无模板]: [模板目录]/302.esp
2019-12-04 23:50:55,403 [信息] [模板] [状态模板] 加载状态模板[304][无模板]: [模板目录]/304.esp
2019-12-04 23:50:55,406 [信息] [模板] [状态模板] 加载状态模板[400][内置]: [模板目录]/400.esp
2019-12-04 23:50:55,409 [信息] [模板] [状态模板] 加载状态模板[401][内置]: [模板目录]/401.esp
2019-12-04 23:50:55,416 [信息] [模板] [状态模板] 加载状态模板[403][内置]: [模板目录]/403.esp
2019-12-04 23:50:55,419 [信息] [模板] [状态模板] 加载状态模板[404][内置]: [模板目录]/404.html
2019-12-04 23:50:55,421 [信息] [模板] [状态模板] 加载状态模板[416][无模板]: [模板目录]/416.esp
2019-12-04 23:50:55,424 [信息] [模板] [状态模板] 加载状态模板[500][内置]: [模板目录]/500.esp
2019-12-04 23:50:55,427 [信息] [模板] [状态模板] 加载状态模板[501][无模板]: [模板目录]/501.esp
2019-12-04 23:50:55,430 [信息] [模板] [状态模板] 加载状态模板[502][内置]: [模板目录]/502.esp
2019-12-04 23:50:55,433 [信息] [模板] [状态模板] 加载状态模板[503][无模板]: [模板目录]/503.esp
2019-12-04 23:50:55,435 [信息] [模板] [状态模板] 加载状态模板[504][内置]: [模板目录]/504.esp
2019-12-04 23:50:55,437 [信息] [模板] 模板引擎初始化完毕
2019-12-04 23:50:55,440 [信息] [动态模块] 开始加载动态模块
2019-12-04 23:50:55,449 [信息] [动态模块] 完成加载(无配置文件 - [模块]/模块映射.json)
2019-12-04 23:50:55,451 [信息] [模块] 开始加载下级模块
2019-12-04 23:50:55,453 [信息] [模块] 完成下级模块加载
2019-12-04 23:50:55,454 [信息] [远程服务] 开始初始化
2019-12-04 23:50:55,456 [信息] [远程服务] 初始化完成
2019-12-04 23:50:55,457 [信息] [WebService] 未启用
2019-12-04 23:50:55,459 [信息] [模板函数] 同步模板函数
2019-12-04 23:50:55,461 [信息] [模板函数] 函数同步完成
2019-12-04 23:50:55,464 [信息] [模块] 开始加载视图
2019-12-04 23:50:55,466 [信息] [视图] /upload
2019-12-04 23:50:55,468 [信息] [模块] 完成视图加载
2019-12-04 23:50:55,470 [信息] [缓存] 加载动态模板页缓存
2019-12-04 23:50:55,472 [信息] [缓存] 无动态模板页缓存设置
2019-12-04 23:50:55,477 [信息] [缓存][动态缓存] 读取缓存配置成功
2019-12-04 23:50:55,480 [信息] [缓存] 加载服务器静态缓存设置 [时间] 3秒 [尺寸]131072
2019-12-04 23:50:55,483 [信息] [缓存] 静态缓存初始化成功
2019-12-04 23:50:55,485 [信息] [缓存] 加载服务器缓存动态设置
2019-12-04 23:50:55,487 [信息] [模块] 执行模块初始化函数
2019-12-04 23:50:55,489 [信息] [服务器] 正在初始化请求资源
2019-12-04 23:50:55,490 [信息] [服务器] 正在绑定地址端口
2019-12-04 23:50:55,499 [信息] [服务器] 开始监听端口内容
2019-12-04 23:50:55,502 [信息] [服务器] 开始接收用户连接
2019-12-04 23:50:55,504 [信息] [服务器] 服务器启动成功(企业版可通过【E2EE控制中心】配置线程数)
2019-12-04 23:50:55,506 [信息]     [连接数] 20
2019-12-04 23:50:55,507 [信息]     [线程数] 2
2019-12-04 23:50:55,516 [信息]     [模板数] 调试模式不限制模板数
2019-12-04 23:50:58,854 [信息] [模板] 重载模板：C:/Users/34761/Documents/HBuilderProjects/recorder/404.html
2019-12-05 00:09:27,994 [信息] 
2019-12-05 00:09:27,996 [信息] 
2019-12-05 00:09:27,997 [信息] 
2019-12-05 00:09:28,000 [信息] 
2019-12-05 00:09:28,001 [信息] ===============================================================
2019-12-05 00:09:28,007 [信息] =  [E2EE免费版] 2.2.3 
2019-12-05 00:09:28,008 [信息] =    绑定IP: *
2019-12-05 00:09:28,010 [信息] =    绑定端口: 80
2019-12-05 00:09:28,011 [信息] ===============================================================
2019-12-05 00:09:28,014 [信息] [服务器] 初始化
2019-12-05 00:09:28,015 [信息] [SSL] 开启SSL
2019-12-05 00:09:28,017 [信息] [SSL] 密码套件：ECDHE-RSA-AES128-GCM-SHA256:ECDHE:ECDH:AES:HIGH:!NULL:!aNULL:!MD5:!ADH:!RC4:!DH:!DHE
2019-12-05 00:09:28,019 [信息] [SSL] 优先使用服务端密码套件：真
2019-12-05 00:09:28,021 [信息] [Session系统] 正在初始化Session系统
2019-12-05 00:09:28,023 [信息] [Session系统] 初始化内存文件存储系统：[内存最大尺寸] 64 MB
2019-12-05 00:09:28,024 [信息] [Session系统] Session系统初始化完成
2019-12-05 00:09:28,026 [信息] [网站防火墙] 未开启防火墙
2019-12-05 00:09:28,028 [信息] [验证器] 无默认验证器配置文件
2019-12-05 00:09:28,030 [信息] [模板] 初始化模板引擎
2019-12-05 00:09:28,031 [信息] [模板] 扫描加载模板目录
2019-12-05 00:09:28,041 [信息] [模板] 加载状态模板
2019-12-05 00:09:28,042 [信息] [模板] [状态模板] 加载状态模板[201][无模板]: [模板目录]/201.esp
2019-12-05 00:09:28,044 [信息] [模板] [状态模板] 加载状态模板[202][无模板]: [模板目录]/202.esp
2019-12-05 00:09:28,046 [信息] [模板] [状态模板] 加载状态模板[204][无模板]: [模板目录]/204.esp
2019-12-05 00:09:28,049 [信息] [模板] [状态模板] 加载状态模板[206][无模板]: [模板目录]/206.esp
2019-12-05 00:09:28,051 [信息] [模板] [状态模板] 加载状态模板[300][无模板]: [模板目录]/300.esp
2019-12-05 00:09:28,053 [信息] [模板] [状态模板] 加载状态模板[301][无模板]: [模板目录]/301.esp
2019-12-05 00:09:28,056 [信息] [模板] [状态模板] 加载状态模板[302][无模板]: [模板目录]/302.esp
2019-12-05 00:09:28,058 [信息] [模板] [状态模板] 加载状态模板[304][无模板]: [模板目录]/304.esp
2019-12-05 00:09:28,059 [信息] [模板] [状态模板] 加载状态模板[400][内置]: [模板目录]/400.esp
2019-12-05 00:09:28,062 [信息] [模板] [状态模板] 加载状态模板[401][内置]: [模板目录]/401.esp
2019-12-05 00:09:28,065 [信息] [模板] [状态模板] 加载状态模板[403][内置]: [模板目录]/403.esp
2019-12-05 00:09:28,067 [信息] [模板] [状态模板] 加载状态模板[404][内置]: [模板目录]/404.html
2019-12-05 00:09:28,069 [信息] [模板] [状态模板] 加载状态模板[416][无模板]: [模板目录]/416.esp
2019-12-05 00:09:28,073 [信息] [模板] [状态模板] 加载状态模板[500][内置]: [模板目录]/500.esp
2019-12-05 00:09:28,076 [信息] [模板] [状态模板] 加载状态模板[501][无模板]: [模板目录]/501.esp
2019-12-05 00:09:28,079 [信息] [模板] [状态模板] 加载状态模板[502][内置]: [模板目录]/502.esp
2019-12-05 00:09:28,081 [信息] [模板] [状态模板] 加载状态模板[503][无模板]: [模板目录]/503.esp
2019-12-05 00:09:28,083 [信息] [模板] [状态模板] 加载状态模板[504][内置]: [模板目录]/504.esp
2019-12-05 00:09:28,086 [信息] [模板] 模板引擎初始化完毕
2019-12-05 00:09:28,090 [信息] [动态模块] 开始加载动态模块
2019-12-05 00:09:28,092 [信息] [动态模块] 完成加载(无配置文件 - [模块]/模块映射.json)
2019-12-05 00:09:28,093 [信息] [模块] 开始加载下级模块
2019-12-05 00:09:28,095 [信息] [模块] 完成下级模块加载
2019-12-05 00:09:28,096 [信息] [远程服务] 开始初始化
2019-12-05 00:09:28,098 [信息] [远程服务] 初始化完成
2019-12-05 00:09:28,099 [信息] [WebService] 未启用
2019-12-05 00:09:28,101 [信息] [模板函数] 同步模板函数
2019-12-05 00:09:28,103 [信息] [模板函数] 函数同步完成
2019-12-05 00:09:28,105 [信息] [模块] 开始加载视图
2019-12-05 00:09:28,107 [信息] [视图] /upload
2019-12-05 00:09:28,110 [信息] [模块] 完成视图加载
2019-12-05 00:09:28,112 [信息] [缓存] 加载动态模板页缓存
2019-12-05 00:09:28,113 [信息] [缓存] 无动态模板页缓存设置
2019-12-05 00:09:28,118 [信息] [缓存][动态缓存] 读取缓存配置成功
2019-12-05 00:09:28,124 [信息] [缓存] 加载服务器静态缓存设置 [时间] 3秒 [尺寸]131072
2019-12-05 00:09:28,126 [信息] [缓存] 静态缓存初始化成功
2019-12-05 00:09:28,127 [信息] [缓存] 加载服务器缓存动态设置
2019-12-05 00:09:28,129 [信息] [模块] 执行模块初始化函数
2019-12-05 00:09:28,130 [信息] [服务器] 正在初始化请求资源
2019-12-05 00:09:28,132 [信息] [服务器] 正在绑定地址端口
2019-12-05 00:09:28,136 [信息] [服务器] 开始监听端口内容
2019-12-05 00:09:28,137 [信息] [服务器] 开始接收用户连接
2019-12-05 00:09:28,141 [信息] [服务器] 服务器启动成功(企业版可通过【E2EE控制中心】配置线程数)
2019-12-05 00:09:28,142 [信息]     [连接数] 20
2019-12-05 00:09:28,144 [信息]     [线程数] 2
2019-12-05 00:09:28,146 [信息]     [模板数] 调试模式不限制模板数
2019-12-05 00:10:02,488 [信息] 
2019-12-05 00:10:02,490 [信息] 
2019-12-05 00:10:02,492 [信息] 
2019-12-05 00:10:02,494 [信息] 
2019-12-05 00:10:02,496 [信息] ===============================================================
2019-12-05 00:10:02,498 [信息] =  [E2EE免费版] 2.2.3 
2019-12-05 00:10:02,500 [信息] =    绑定IP: *
2019-12-05 00:10:02,502 [信息] =    绑定端口: 443
2019-12-05 00:10:02,504 [信息] ===============================================================
2019-12-05 00:10:02,507 [信息] [服务器] 初始化
2019-12-05 00:10:02,509 [信息] [SSL] 开启SSL
2019-12-05 00:10:02,511 [信息] [SSL] 密码套件：ECDHE-RSA-AES128-GCM-SHA256:ECDHE:ECDH:AES:HIGH:!NULL:!aNULL:!MD5:!ADH:!RC4:!DH:!DHE
2019-12-05 00:10:02,512 [信息] [SSL] 优先使用服务端密码套件：真
2019-12-05 00:10:02,515 [信息] [Session系统] 正在初始化Session系统
2019-12-05 00:10:02,516 [信息] [Session系统] 初始化内存文件存储系统：[内存最大尺寸] 64 MB
2019-12-05 00:10:02,518 [信息] [Session系统] Session系统初始化完成
2019-12-05 00:10:02,526 [信息] [网站防火墙] 未开启防火墙
2019-12-05 00:10:02,528 [信息] [验证器] 无默认验证器配置文件
2019-12-05 00:10:02,530 [信息] [模板] 初始化模板引擎
2019-12-05 00:10:02,531 [信息] [模板] 扫描加载模板目录
2019-12-05 00:10:02,536 [信息] [模板] 加载状态模板
2019-12-05 00:10:02,542 [信息] [模板] [状态模板] 加载状态模板[201][无模板]: [模板目录]/201.esp
2019-12-05 00:10:02,544 [信息] [模板] [状态模板] 加载状态模板[202][无模板]: [模板目录]/202.esp
2019-12-05 00:10:02,547 [信息] [模板] [状态模板] 加载状态模板[204][无模板]: [模板目录]/204.esp
2019-12-05 00:10:02,549 [信息] [模板] [状态模板] 加载状态模板[206][无模板]: [模板目录]/206.esp
2019-12-05 00:10:02,552 [信息] [模板] [状态模板] 加载状态模板[300][无模板]: [模板目录]/300.esp
2019-12-05 00:10:02,559 [信息] [模板] [状态模板] 加载状态模板[301][无模板]: [模板目录]/301.esp
2019-12-05 00:10:02,561 [信息] [模板] [状态模板] 加载状态模板[302][无模板]: [模板目录]/302.esp
2019-12-05 00:10:02,564 [信息] [模板] [状态模板] 加载状态模板[304][无模板]: [模板目录]/304.esp
2019-12-05 00:10:02,566 [信息] [模板] [状态模板] 加载状态模板[400][内置]: [模板目录]/400.esp
2019-12-05 00:10:02,569 [信息] [模板] [状态模板] 加载状态模板[401][内置]: [模板目录]/401.esp
2019-12-05 00:10:02,576 [信息] [模板] [状态模板] 加载状态模板[403][内置]: [模板目录]/403.esp
2019-12-05 00:10:02,579 [信息] [模板] [状态模板] 加载状态模板[404][内置]: [模板目录]/404.html
2019-12-05 00:10:02,581 [信息] [模板] [状态模板] 加载状态模板[416][无模板]: [模板目录]/416.esp
2019-12-05 00:10:02,583 [信息] [模板] [状态模板] 加载状态模板[500][内置]: [模板目录]/500.esp
2019-12-05 00:10:02,585 [信息] [模板] [状态模板] 加载状态模板[501][无模板]: [模板目录]/501.esp
2019-12-05 00:10:02,593 [信息] [模板] [状态模板] 加载状态模板[502][内置]: [模板目录]/502.esp
2019-12-05 00:10:02,595 [信息] [模板] [状态模板] 加载状态模板[503][无模板]: [模板目录]/503.esp
2019-12-05 00:10:02,597 [信息] [模板] [状态模板] 加载状态模板[504][内置]: [模板目录]/504.esp
2019-12-05 00:10:02,600 [信息] [模板] 模板引擎初始化完毕
2019-12-05 00:10:02,601 [信息] [动态模块] 开始加载动态模块
2019-12-05 00:10:02,603 [信息] [动态模块] 完成加载(无配置文件 - [模块]/模块映射.json)
2019-12-05 00:10:02,605 [信息] [模块] 开始加载下级模块
2019-12-05 00:10:02,607 [信息] [模块] 完成下级模块加载
2019-12-05 00:10:02,609 [信息] [远程服务] 开始初始化
2019-12-05 00:10:02,612 [信息] [远程服务] 初始化完成
2019-12-05 00:10:02,613 [信息] [WebService] 未启用
2019-12-05 00:10:02,615 [信息] [模板函数] 同步模板函数
2019-12-05 00:10:02,616 [信息] [模板函数] 函数同步完成
2019-12-05 00:10:02,618 [信息] [模块] 开始加载视图
2019-12-05 00:10:02,619 [信息] [视图] /upload
2019-12-05 00:10:02,625 [信息] [模块] 完成视图加载
2019-12-05 00:10:02,626 [信息] [缓存] 加载动态模板页缓存
2019-12-05 00:10:02,628 [信息] [缓存] 无动态模板页缓存设置
2019-12-05 00:10:02,631 [信息] [缓存][动态缓存] 读取缓存配置成功
2019-12-05 00:10:02,633 [信息] [缓存] 加载服务器静态缓存设置 [时间] 3秒 [尺寸]131072
2019-12-05 00:10:02,635 [信息] [缓存] 静态缓存初始化成功
2019-12-05 00:10:02,637 [信息] [缓存] 加载服务器缓存动态设置
2019-12-05 00:10:02,639 [信息] [模块] 执行模块初始化函数
2019-12-05 00:10:02,641 [信息] [服务器] 正在初始化请求资源
2019-12-05 00:10:02,643 [信息] [服务器] 正在绑定地址端口
2019-12-05 00:10:02,646 [信息] [服务器] 开始监听端口内容
2019-12-05 00:10:02,648 [信息] [服务器] 开始接收用户连接
2019-12-05 00:10:02,651 [信息] [服务器] 服务器启动成功(企业版可通过【E2EE控制中心】配置线程数)
2019-12-05 00:10:02,653 [信息]     [连接数] 20
2019-12-05 00:10:02,655 [信息]     [线程数] 2
2019-12-05 00:10:02,657 [信息]     [模板数] 调试模式不限制模板数
2019-12-05 00:10:05,615 [信息] [模板] 重载模板：C:/Users/34761/Documents/HBuilderProjects/recorder/404.html
